begin -> 27 -> -1
{ -> 3 -> -1
int -> 34 -> -1
_n -> 37 -> (5, 0)
; -> 8 -> -1
int -> 34 -> -1
_i -> 37 -> (0, 0)
; -> 8 -> -1
char -> 36 -> -1
_j -> 37 -> (1, 0)
= -> 24 -> -1
'a' -> 37 -> (5, 0)
_i -> 37 -> (0, 0)
= -> 24 -> -1
2 -> 37 -> (0, 0)
; -> 8 -> -1
bool -> 35 -> -1
_isPrime -> 37 -> (8, 0)
; -> 8 -> -1
_isPrime -> 37 -> (8, 0)
= -> 24 -> -1
true -> 37 -> (8, 0)
; -> 8 -> -1
readInt -> 32 -> -1
( -> 5 -> -1
_n -> 37 -> (5, 0)
) -> 6 -> -1
; -> 8 -> -1
int -> 34 -> -1
; -> 8 -> -1
while -> 31 -> -1
( -> 5 -> -1
_i -> 37 -> (0, 0)
< -> 23 -> -1
_n -> 37 -> (5, 0)
) -> 6 -> -1
{ -> 3 -> -1
_i -> 37 -> (0, 0)
= -> 24 -> -1
_i -> 37 -> (0, 0)
+ -> 17 -> -1
1 -> 37 -> (9, 0)
; -> 8 -> -1
if -> 29 -> -1
( -> 5 -> -1
_n -> 37 -> (5, 0)
% -> 21 -> -1
_i -> 37 -> (0, 0)
= -> 24 -> -1
= -> 24 -> -1
0 -> 37 -> (8, 1)
) -> 6 -> -1
{ -> 3 -> -1
_isPrime -> 37 -> (8, 0)
= -> 24 -> -1
false -> 37 -> (3, 0)
; -> 8 -> -1
} -> 4 -> -1
} -> 4 -> -1
print -> 26 -> -1
( -> 5 -> -1
_isPrime -> 37 -> (8, 0)
) -> 6 -> -1
; -> 8 -> -1
} -> 4 -> -1
end -> 28 -> -1
; -> 8 -> -1
